Symbol Table:
Name	Type	Memory Location
i	int	2000
max	int	2001
sum	int	2002

Instruction Table:
Address	Op	Operand
1	PUSHI	0
2	PUSHM	2000
3	PUSHM	2001
4	PUSHM	2002
5	PUSHM	2002
6	PUSHI	0
7	POPM	2002
8	PUSHM	2000
9	PUSHI	1
10	POPM	2000
11	PUSHM	2001
12	STDIN	nil
13	LABEL	nil
14	PUSHM	2000
15	LES	nil
16	JUMPZ	28
17	PUSHM	2001
18	PUSHM	2002
19	PUSHM	2002
20	PUSHM	2000
21	ADD	nil
22	POPM	2000
23	PUSHM	2000
24	PUSHM	2000
25	PUSHI	1
26	ADD	nil
27	POPM	2000
28	JUMP	nil
29	PUSHM	2002
30	PUSHM	2001
31	ADD	nil
32	STDOUT	nil
